<?xml version="1.0" encoding="UTF-8"?>
<testsuite xmlns:xsi="http://www.w3.org/2001/XMLSchema-instance" xsi:noNamespaceSchemaLocation="https://maven.apache.org/surefire/maven-surefire-plugin/xsd/surefire-test-report.xsd" name="BasicCalculatorTest" time="0.014" tests="12" errors="0" skipped="0" failures="0">
  <properties>
    <property name="java.specification.version" value="13"/>
    <property name="sun.cpu.isalist" value="amd64"/>
    <property name="sun.jnu.encoding" value="Cp1252"/>
    <property name="java.class.path" value="C:\Users\Adam\eclipse-workspace\02-pass-adamMartinsson\target\test-classes;C:\Users\Adam\eclipse-workspace\02-pass-adamMartinsson\target\classes;C:\Users\Adam\.m2\repository\org\junit\platform\junit-platform-surefire-provider\1.2.0-M1\junit-platform-surefire-provider-1.2.0-M1.jar;C:\Users\Adam\.m2\repository\org\apiguardian\apiguardian-api\1.0.0\apiguardian-api-1.0.0.jar;C:\Users\Adam\.m2\repository\org\junit\platform\junit-platform-launcher\1.2.0-M1\junit-platform-launcher-1.2.0-M1.jar;C:\Users\Adam\.m2\repository\org\apache\maven\surefire\surefire-api\2.21.0\surefire-api-2.21.0.jar;C:\Users\Adam\.m2\repository\org\apache\maven\surefire\surefire-logger-api\2.21.0\surefire-logger-api-2.21.0.jar;C:\Users\Adam\.m2\repository\org\apache\maven\surefire\common-java5\2.21.0\common-java5-2.21.0.jar;C:\Users\Adam\.m2\repository\org\junit\jupiter\junit-jupiter-engine\5.2.0\junit-jupiter-engine-5.2.0.jar;C:\Users\Adam\.m2\repository\org\junit\platform\junit-platform-engine\1.2.0\junit-platform-engine-1.2.0.jar;C:\Users\Adam\.m2\repository\org\junit\platform\junit-platform-commons\1.2.0\junit-platform-commons-1.2.0.jar;C:\Users\Adam\.m2\repository\org\opentest4j\opentest4j\1.1.0\opentest4j-1.1.0.jar;C:\Users\Adam\.m2\repository\org\junit\jupiter\junit-jupiter-api\5.2.0\junit-jupiter-api-5.2.0.jar;C:\Users\Adam\.m2\repository\junit\junit\4.12\junit-4.12.jar;C:\Users\Adam\.m2\repository\org\hamcrest\hamcrest-core\1.3\hamcrest-core-1.3.jar;"/>
    <property name="java.vm.vendor" value="Oracle Corporation"/>
    <property name="sun.arch.data.model" value="64"/>
    <property name="user.variant" value=""/>
    <property name="java.vendor.url" value="https://java.oracle.com/"/>
    <property name="user.timezone" value="Europe/Stockholm"/>
    <property name="os.name" value="Windows 10"/>
    <property name="java.vm.specification.version" value="13"/>
    <property name="sun.java.launcher" value="SUN_STANDARD"/>
    <property name="user.country" value="GB"/>
    <property name="sun.boot.library.path" value="E:\shit\jsdk\bin"/>
    <property name="sun.java.command" value="C:\Users\Adam\AppData\Local\Temp\surefire840717170892520329\surefirebooter416140817708043818.jar C:\Users\Adam\AppData\Local\Temp\surefire840717170892520329 2021-04-01T11-34-22_162-jvmRun1 surefire1835166253190260972tmp surefire_014554971802481362847tmp"/>
    <property name="jdk.debug" value="release"/>
    <property name="surefire.test.class.path" value="C:\Users\Adam\eclipse-workspace\02-pass-adamMartinsson\target\test-classes;C:\Users\Adam\eclipse-workspace\02-pass-adamMartinsson\target\classes;C:\Users\Adam\.m2\repository\org\junit\platform\junit-platform-surefire-provider\1.2.0-M1\junit-platform-surefire-provider-1.2.0-M1.jar;C:\Users\Adam\.m2\repository\org\apiguardian\apiguardian-api\1.0.0\apiguardian-api-1.0.0.jar;C:\Users\Adam\.m2\repository\org\junit\platform\junit-platform-launcher\1.2.0-M1\junit-platform-launcher-1.2.0-M1.jar;C:\Users\Adam\.m2\repository\org\apache\maven\surefire\surefire-api\2.21.0\surefire-api-2.21.0.jar;C:\Users\Adam\.m2\repository\org\apache\maven\surefire\surefire-logger-api\2.21.0\surefire-logger-api-2.21.0.jar;C:\Users\Adam\.m2\repository\org\apache\maven\surefire\common-java5\2.21.0\common-java5-2.21.0.jar;C:\Users\Adam\.m2\repository\org\junit\jupiter\junit-jupiter-engine\5.2.0\junit-jupiter-engine-5.2.0.jar;C:\Users\Adam\.m2\repository\org\junit\platform\junit-platform-engine\1.2.0\junit-platform-engine-1.2.0.jar;C:\Users\Adam\.m2\repository\org\junit\platform\junit-platform-commons\1.2.0\junit-platform-commons-1.2.0.jar;C:\Users\Adam\.m2\repository\org\opentest4j\opentest4j\1.1.0\opentest4j-1.1.0.jar;C:\Users\Adam\.m2\repository\org\junit\jupiter\junit-jupiter-api\5.2.0\junit-jupiter-api-5.2.0.jar;C:\Users\Adam\.m2\repository\junit\junit\4.12\junit-4.12.jar;C:\Users\Adam\.m2\repository\org\hamcrest\hamcrest-core\1.3\hamcrest-core-1.3.jar;"/>
    <property name="sun.cpu.endian" value="little"/>
    <property name="user.home" value="C:\Users\Adam"/>
    <property name="user.language" value="en"/>
    <property name="java.specification.vendor" value="Oracle Corporation"/>
    <property name="java.version.date" value="2019-10-15"/>
    <property name="java.home" value="E:\shit\jsdk"/>
    <property name="file.separator" value="\"/>
    <property name="basedir" value="C:\Users\Adam\eclipse-workspace\02-pass-adamMartinsson"/>
    <property name="java.vm.compressedOopsMode" value="Zero based"/>
    <property name="line.separator" value="&#10;"/>
    <property name="java.vm.specification.vendor" value="Oracle Corporation"/>
    <property name="java.specification.name" value="Java Platform API Specification"/>
    <property name="surefire.real.class.path" value="C:\Users\Adam\AppData\Local\Temp\surefire840717170892520329\surefirebooter416140817708043818.jar"/>
    <property name="user.script" value=""/>
    <property name="sun.management.compiler" value="HotSpot 64-Bit Tiered Compilers"/>
    <property name="java.runtime.version" value="13.0.1+9"/>
    <property name="user.name" value="Adam"/>
    <property name="path.separator" value=";"/>
    <property name="os.version" value="10.0"/>
    <property name="java.runtime.name" value="Java(TM) SE Runtime Environment"/>
    <property name="file.encoding" value="Cp1252"/>
    <property name="java.vm.name" value="Java HotSpot(TM) 64-Bit Server VM"/>
    <property name="localRepository" value="C:\Users\Adam\.m2\repository"/>
    <property name="java.vendor.url.bug" value="https://bugreport.java.com/bugreport/"/>
    <property name="java.io.tmpdir" value="C:\Users\Adam\AppData\Local\Temp\"/>
    <property name="java.version" value="13.0.1"/>
    <property name="user.dir" value="C:\Users\Adam\eclipse-workspace\02-pass-adamMartinsson"/>
    <property name="os.arch" value="amd64"/>
    <property name="java.vm.specification.name" value="Java Virtual Machine Specification"/>
    <property name="sun.os.patch.level" value=""/>
    <property name="java.library.path" value="E:\shit\jsdk\bin;C:\WINDOWS\Sun\Java\bin;C:\WINDOWS\system32;C:\WINDOWS;E:/shit/jsdk/bin/server;E:/shit/jsdk/bin;C:\Program Files\Common Files\Oracle\Java\javapath;C:\Program Files (x86)\Common Files\Oracle\Java\javapath;C:\Program Files (x86)\Razer Chroma SDK\bin;C:\Program Files\Razer Chroma SDK\bin;C:\Program Files (x86)\Razer\ChromaBroadcast\bin;C:\Program Files\Razer\ChromaBroadcast\bin;C:\Program Files (x86)\Intel\iCLS Client\;C:\Program Files\Intel\iCLS Client\;C:\Windows\system32;C:\Windows;C:\Windows\System32\Wbem;C:\Windows\System32\WindowsPowerShell\v1.0\;C:\Program Files (x86)\Intel\Intel(R) Management Engine Components\DAL;C:\Program Files\Intel\Intel(R) Management Engine Components\DAL;C:\Program Files (x86)\Intel\Intel(R) Management Engine Components\IPT;C:\Program Files\Intel\Intel(R) Management Engine Components\IPT;C:\Program Files (x86)\NVIDIA Corporation\PhysX\Common;E:\shit\;C:\WINDOWS\system32;C:\WINDOWS;C:\WINDOWS\System32\Wbem;C:\WINDOWS\System32\WindowsPowerShell\v1.0\;C:\WINDOWS\System32\OpenSSH\;C:\Program Files\NVIDIA Corporation\NVIDIA NvDLISR;C:\WINDOWS\system32\config\systemprofile\AppData\Local\Microsoft\WindowsApps;C:\WINDOWS\system32;C:\WINDOWS;C:\WINDOWS\System32\Wbem;C:\WINDOWS\System32\WindowsPowerShell\v1.0\;C:\WINDOWS\System32\OpenSSH\;C:\Program Files\Git\cmd;C:\Users\Adam\AppData\Local\Microsoft\WindowsApps;C:\Program Files\Java\jdk-16\bin;C:\Program Files\apache-maven-3.6.3-bin\apache-maven-3.6.3\bin;;C:\Users\Adam\Desktop;;."/>
    <property name="java.vm.info" value="mixed mode, sharing"/>
    <property name="java.vendor" value="Oracle Corporation"/>
    <property name="java.vm.version" value="13.0.1+9"/>
    <property name="sun.io.unicode.encoding" value="UnicodeLittle"/>
    <property name="java.class.version" value="57.0"/>
  </properties>
  <testcase name="testdivMethod3true" classname="BasicCalculatorTest" time="0"/>
  <testcase name="testmultMethod1" classname="BasicCalculatorTest" time="0"/>
  <testcase name="testmultMethod2" classname="BasicCalculatorTest" time="0"/>
  <testcase name="testmultMethod3" classname="BasicCalculatorTest" time="0"/>
  <testcase name="testaddMethod1" classname="BasicCalculatorTest" time="0.001"/>
  <testcase name="testaddMethod2" classname="BasicCalculatorTest" time="0"/>
  <testcase name="testaddMethod3" classname="BasicCalculatorTest" time="0"/>
  <testcase name="testdivMethod1" classname="BasicCalculatorTest" time="0"/>
  <testcase name="testdivMethod2" classname="BasicCalculatorTest" time="0"/>
  <testcase name="testsubMethod1" classname="BasicCalculatorTest" time="0"/>
  <testcase name="testsubMethod2" classname="BasicCalculatorTest" time="0"/>
  <testcase name="testsubMethod3" classname="BasicCalculatorTest" time="0"/>
</testsuite>